  [1m[35m (6.4ms)[0m  [1m[35mCREATE TABLE "schema_migrations" ("version" varchar NOT NULL PRIMARY KEY)[0m
  [1m[35m (2.9ms)[0m  [1m[35mCREATE TABLE "ar_internal_metadata" ("key" varchar NOT NULL PRIMARY KEY, "value" varchar, "created_at" datetime(6) NOT NULL, "updated_at" datetime(6) NOT NULL)[0m
  [1m[36mActiveRecord::SchemaMigration Pluck (0.1ms)[0m  [1m[34mSELECT "schema_migrations"."version" FROM "schema_migrations" ORDER BY "schema_migrations"."version" ASC[0m
Migrating to CreatePosts (20230718133410)
  [1m[36mTRANSACTION (0.0ms)[0m  [1m[36mbegin transaction[0m
  [1m[35m (0.3ms)[0m  [1m[35mCREATE TABLE "posts" ("id" integer PRIMARY KEY AUTOINCREMENT NOT NULL, "dev" varchar, "description" text, "date" date, "status" varchar, "good_bad" varchar, "created_at" datetime(6) NOT NULL, "updated_at" datetime(6) NOT NULL)[0m
  [1m[36mActiveRecord::SchemaMigration Create (0.7ms)[0m  [1m[32mINSERT INTO "schema_migrations" ("version") VALUES (?)[0m  [["version", "20230718133410"]]
  [1m[36mTRANSACTION (2.8ms)[0m  [1m[36mcommit transaction[0m
  [1m[36mActiveRecord::InternalMetadata Load (0.4ms)[0m  [1m[34mSELECT "ar_internal_metadata".* FROM "ar_internal_metadata" WHERE "ar_internal_metadata"."key" = ? LIMIT ?[0m  [["key", "environment"], ["LIMIT", 1]]
  [1m[36mTRANSACTION (0.0ms)[0m  [1m[36mbegin transaction[0m
  [1m[36mActiveRecord::InternalMetadata Create (0.1ms)[0m  [1m[32mINSERT INTO "ar_internal_metadata" ("key", "value", "created_at", "updated_at") VALUES (?, ?, ?, ?)[0m  [["key", "environment"], ["value", "development"], ["created_at", "2023-07-20 19:32:16.100220"], ["updated_at", "2023-07-20 19:32:16.100220"]]
  [1m[36mTRANSACTION (2.0ms)[0m  [1m[36mcommit transaction[0m
  [1m[36mActiveRecord::SchemaMigration Pluck (0.1ms)[0m  [1m[34mSELECT "schema_migrations"."version" FROM "schema_migrations" ORDER BY "schema_migrations"."version" ASC[0m
Started GET "/" for 127.0.0.1 at 2023-07-20 16:32:24 -0300
  [1m[36mActiveRecord::SchemaMigration Pluck (0.1ms)[0m  [1m[34mSELECT "schema_migrations"."version" FROM "schema_migrations" ORDER BY "schema_migrations"."version" ASC[0m
Processing by PostsController#index as HTML
  Rendering layout layouts/application.html.erb
  Rendering posts/index.html.erb within layouts/application
  [1m[36mPost Load (0.1ms)[0m  [1m[34mSELECT "posts".* FROM "posts"[0m
  ↳ app/views/posts/index.html.erb:5
  Rendered posts/index.html.erb within layouts/application (Duration: 2.7ms | Allocations: 1819)
  Rendered layout layouts/application.html.erb (Duration: 308.8ms | Allocations: 101521)
Completed 200 OK in 341ms (Views: 315.5ms | ActiveRecord: 0.1ms | Allocations: 109673)


Started GET "/posts/new" for 127.0.0.1 at 2023-07-20 16:32:25 -0300
Processing by PostsController#new as HTML
  Rendering layout layouts/application.html.erb
  Rendering posts/new.html.erb within layouts/application
  Rendered posts/_form.html.erb (Duration: 25.0ms | Allocations: 2879)
  Rendered posts/_form.html.erb (Duration: 3.8ms | Allocations: 959)
  Rendered posts/new.html.erb within layouts/application (Duration: 35.2ms | Allocations: 4675)
  Rendered layout layouts/application.html.erb (Duration: 44.9ms | Allocations: 7004)
Completed 200 OK in 78ms (Views: 45.5ms | ActiveRecord: 2.0ms | Allocations: 13305)


Started GET "/" for 127.0.0.1 at 2023-07-20 16:32:28 -0300
Processing by PostsController#index as HTML
  Rendering layout layouts/application.html.erb
  Rendering posts/index.html.erb within layouts/application
  [1m[36mPost Load (0.3ms)[0m  [1m[34mSELECT "posts".* FROM "posts"[0m
  ↳ app/views/posts/index.html.erb:5
  Rendered posts/index.html.erb within layouts/application (Duration: 5.3ms | Allocations: 650)
  Rendered layout layouts/application.html.erb (Duration: 17.5ms | Allocations: 3018)
Completed 200 OK in 20ms (Views: 18.5ms | ActiveRecord: 0.3ms | Allocations: 3344)


Started GET "/busca" for 127.0.0.1 at 2023-07-20 16:32:30 -0300
Processing by BuscaController#index as HTML
  Rendering layout layouts/application.html.erb
  Rendering busca/index.html.erb within layouts/application
  Rendered busca/index.html.erb within layouts/application (Duration: 4.6ms | Allocations: 1272)
  Rendered layout layouts/application.html.erb (Duration: 14.9ms | Allocations: 3924)
Completed 200 OK in 21ms (Views: 18.8ms | ActiveRecord: 0.0ms | Allocations: 4810)


Started GET "/busca/search?search=&status=Todos&good_bad=Todos&start_date=&end_date=&commit=Buscar" for 127.0.0.1 at 2023-07-20 16:32:32 -0300
Processing by BuscaController#search as HTML
  Parameters: {"search"=>"", "status"=>"Todos", "good_bad"=>"Todos", "start_date"=>"", "end_date"=>"", "commit"=>"Buscar"}
  Rendering layout layouts/application.html.erb
  Rendering busca/index.html.erb within layouts/application
  [1m[36mPost Load (0.2ms)[0m  [1m[34mSELECT "posts".* FROM "posts"[0m
  ↳ app/views/busca/index.html.erb:49
  Rendered busca/index.html.erb within layouts/application (Duration: 5.8ms | Allocations: 1195)
  Rendered layout layouts/application.html.erb (Duration: 11.8ms | Allocations: 3572)
Completed 200 OK in 14ms (Views: 13.3ms | ActiveRecord: 0.2ms | Allocations: 3884)


Started GET "/busca/search?search=&status=Todos&good_bad=Todos&start_date=&end_date=&commit=Buscar" for 127.0.0.1 at 2023-07-20 16:32:32 -0300
Processing by BuscaController#search as HTML
  Parameters: {"search"=>"", "status"=>"Todos", "good_bad"=>"Todos", "start_date"=>"", "end_date"=>"", "commit"=>"Buscar"}
  Rendering layout layouts/application.html.erb
  Rendering busca/index.html.erb within layouts/application
  [1m[36mPost Load (0.5ms)[0m  [1m[34mSELECT "posts".* FROM "posts"[0m
  ↳ app/views/busca/index.html.erb:49
  Rendered busca/index.html.erb within layouts/application (Duration: 34.5ms | Allocations: 1129)
  Rendered layout layouts/application.html.erb (Duration: 93.7ms | Allocations: 3475)
Completed 200 OK in 98ms (Views: 95.7ms | ActiveRecord: 0.5ms | Allocations: 3750)


Started GET "/busca/search?search=&status=Todos&good_bad=Todos&start_date=&end_date=&commit=Buscar" for 127.0.0.1 at 2023-07-20 16:32:33 -0300
Processing by BuscaController#search as HTML
  Parameters: {"search"=>"", "status"=>"Todos", "good_bad"=>"Todos", "start_date"=>"", "end_date"=>"", "commit"=>"Buscar"}
  Rendering layout layouts/application.html.erb
  Rendering busca/index.html.erb within layouts/application
  [1m[36mPost Load (0.5ms)[0m  [1m[34mSELECT "posts".* FROM "posts"[0m
  ↳ app/views/busca/index.html.erb:49
  Rendered busca/index.html.erb within layouts/application (Duration: 16.0ms | Allocations: 1129)
  Rendered layout layouts/application.html.erb (Duration: 83.8ms | Allocations: 3502)
Completed 200 OK in 88ms (Views: 85.7ms | ActiveRecord: 0.5ms | Allocations: 3777)


Started GET "/busca/search?search=&status=Todos&good_bad=Todos&start_date=&end_date=&commit=Buscar" for 127.0.0.1 at 2023-07-20 16:32:34 -0300
Processing by BuscaController#search as HTML
  Parameters: {"search"=>"", "status"=>"Todos", "good_bad"=>"Todos", "start_date"=>"", "end_date"=>"", "commit"=>"Buscar"}
  Rendering layout layouts/application.html.erb
  Rendering busca/index.html.erb within layouts/application
  [1m[36mPost Load (0.3ms)[0m  [1m[34mSELECT "posts".* FROM "posts"[0m
  ↳ app/views/busca/index.html.erb:49
  Rendered busca/index.html.erb within layouts/application (Duration: 29.9ms | Allocations: 1130)
  Rendered layout layouts/application.html.erb (Duration: 54.7ms | Allocations: 3488)
Completed 200 OK in 72ms (Views: 70.2ms | ActiveRecord: 0.3ms | Allocations: 3763)


Started GET "/busca" for 127.0.0.1 at 2023-07-20 16:32:35 -0300
Processing by BuscaController#index as HTML
  Rendering layout layouts/application.html.erb
  Rendering busca/index.html.erb within layouts/application
  Rendered busca/index.html.erb within layouts/application (Duration: 4.5ms | Allocations: 606)
  Rendered layout layouts/application.html.erb (Duration: 21.2ms | Allocations: 3148)
Completed 200 OK in 25ms (Views: 24.1ms | ActiveRecord: 0.0ms | Allocations: 3415)


Started GET "/" for 127.0.0.1 at 2023-07-20 16:32:36 -0300
Processing by PostsController#index as HTML
  Rendering layout layouts/application.html.erb
  Rendering posts/index.html.erb within layouts/application
  [1m[36mPost Load (0.3ms)[0m  [1m[34mSELECT "posts".* FROM "posts"[0m
  ↳ app/views/posts/index.html.erb:5
  Rendered posts/index.html.erb within layouts/application (Duration: 6.2ms | Allocations: 593)
  Rendered layout layouts/application.html.erb (Duration: 18.5ms | Allocations: 2965)
Completed 200 OK in 22ms (Views: 20.3ms | ActiveRecord: 0.3ms | Allocations: 3246)


Started GET "/posts/new" for 127.0.0.1 at 2023-07-20 16:32:36 -0300
Processing by PostsController#new as HTML
  Rendering layout layouts/application.html.erb
  Rendering posts/new.html.erb within layouts/application
  Rendered posts/_form.html.erb (Duration: 8.4ms | Allocations: 1133)
  Rendered posts/_form.html.erb (Duration: 6.0ms | Allocations: 929)
  Rendered posts/new.html.erb within layouts/application (Duration: 16.3ms | Allocations: 2363)
  Rendered layout layouts/application.html.erb (Duration: 24.4ms | Allocations: 4571)
Completed 200 OK in 28ms (Views: 26.3ms | ActiveRecord: 0.0ms | Allocations: 4864)


Started GET "/posts" for 127.0.0.1 at 2023-07-20 16:32:43 -0300
Processing by PostsController#index as HTML
  Rendering layout layouts/application.html.erb
  Rendering posts/index.html.erb within layouts/application
  [1m[36mPost Load (0.5ms)[0m  [1m[34mSELECT "posts".* FROM "posts"[0m
  ↳ app/views/posts/index.html.erb:5
  Rendered posts/index.html.erb within layouts/application (Duration: 5.3ms | Allocations: 589)
  Rendered layout layouts/application.html.erb (Duration: 15.3ms | Allocations: 2961)
Completed 200 OK in 19ms (Views: 17.1ms | ActiveRecord: 0.5ms | Allocations: 3240)


Started GET "/posts/new" for 127.0.0.1 at 2023-07-20 16:32:44 -0300
Processing by PostsController#new as HTML
  Rendering layout layouts/application.html.erb
  Rendering posts/new.html.erb within layouts/application
  Rendered posts/_form.html.erb (Duration: 7.4ms | Allocations: 1110)
  Rendered posts/_form.html.erb (Duration: 2.7ms | Allocations: 929)
  Rendered posts/new.html.erb within layouts/application (Duration: 12.9ms | Allocations: 2335)
  Rendered layout layouts/application.html.erb (Duration: 20.8ms | Allocations: 4544)
Completed 200 OK in 24ms (Views: 23.2ms | ActiveRecord: 0.0ms | Allocations: 4836)


Started GET "/" for 127.0.0.1 at 2023-07-20 16:33:16 -0300
Processing by PostsController#index as HTML
  Rendering layout layouts/application.html.erb
  Rendering posts/index.html.erb within layouts/application
  [1m[36mPost Load (0.5ms)[0m  [1m[34mSELECT "posts".* FROM "posts"[0m
  ↳ app/views/posts/index.html.erb:5
  Rendered posts/index.html.erb within layouts/application (Duration: 4.6ms | Allocations: 589)
  Rendered layout layouts/application.html.erb (Duration: 19.5ms | Allocations: 3127)
Completed 200 OK in 23ms (Views: 21.0ms | ActiveRecord: 0.5ms | Allocations: 3406)


Started GET "/busca" for 127.0.0.1 at 2023-07-20 16:33:17 -0300
Processing by BuscaController#index as HTML
  Rendering layout layouts/application.html.erb
  Rendering busca/index.html.erb within layouts/application
  Rendered busca/index.html.erb within layouts/application (Duration: 2.1ms | Allocations: 606)
  Rendered layout layouts/application.html.erb (Duration: 12.1ms | Allocations: 2975)
Completed 200 OK in 15ms (Views: 14.0ms | ActiveRecord: 0.0ms | Allocations: 3242)


Started GET "/" for 127.0.0.1 at 2023-07-20 16:33:17 -0300
Processing by PostsController#index as HTML
  Rendering layout layouts/application.html.erb
  Rendering posts/index.html.erb within layouts/application
  [1m[36mPost Load (0.3ms)[0m  [1m[34mSELECT "posts".* FROM "posts"[0m
  ↳ app/views/posts/index.html.erb:5
  Rendered posts/index.html.erb within layouts/application (Duration: 4.2ms | Allocations: 589)
  Rendered layout layouts/application.html.erb (Duration: 16.2ms | Allocations: 2958)
Completed 200 OK in 18ms (Views: 17.1ms | ActiveRecord: 0.3ms | Allocations: 3237)


Started GET "/posts/new" for 127.0.0.1 at 2023-07-20 16:33:18 -0300
Processing by PostsController#new as HTML
  Rendering layout layouts/application.html.erb
  Rendering posts/new.html.erb within layouts/application
  Rendered posts/_form.html.erb (Duration: 1.7ms | Allocations: 1088)
  Rendered posts/_form.html.erb (Duration: 3.6ms | Allocations: 929)
  Rendered posts/new.html.erb within layouts/application (Duration: 6.6ms | Allocations: 2313)
  Rendered layout layouts/application.html.erb (Duration: 14.8ms | Allocations: 4521)
Completed 200 OK in 16ms (Views: 15.6ms | ActiveRecord: 0.0ms | Allocations: 4808)


Started GET "/busca" for 127.0.0.1 at 2023-07-20 16:33:19 -0300
Processing by BuscaController#index as HTML
  Rendering layout layouts/application.html.erb
  Rendering busca/index.html.erb within layouts/application
  Rendered busca/index.html.erb within layouts/application (Duration: 3.9ms | Allocations: 606)
  Rendered layout layouts/application.html.erb (Duration: 16.2ms | Allocations: 2981)
Completed 200 OK in 19ms (Views: 18.0ms | ActiveRecord: 0.0ms | Allocations: 3248)


Started GET "/" for 127.0.0.1 at 2023-07-20 16:33:20 -0300
Processing by PostsController#index as HTML
  Rendering layout layouts/application.html.erb
  Rendering posts/index.html.erb within layouts/application
  [1m[36mPost Load (0.1ms)[0m  [1m[34mSELECT "posts".* FROM "posts"[0m
  ↳ app/views/posts/index.html.erb:5
  Rendered posts/index.html.erb within layouts/application (Duration: 1.2ms | Allocations: 589)
  Rendered layout layouts/application.html.erb (Duration: 8.4ms | Allocations: 2961)
Completed 200 OK in 10ms (Views: 8.9ms | ActiveRecord: 0.1ms | Allocations: 3240)


Started GET "/busca" for 127.0.0.1 at 2023-07-20 16:33:21 -0300
Processing by BuscaController#index as HTML
  Rendering layout layouts/application.html.erb
  Rendering busca/index.html.erb within layouts/application
  Rendered busca/index.html.erb within layouts/application (Duration: 0.7ms | Allocations: 606)
  Rendered layout layouts/application.html.erb (Duration: 6.4ms | Allocations: 2975)
Completed 200 OK in 8ms (Views: 7.3ms | ActiveRecord: 0.0ms | Allocations: 3242)


Started GET "/busca/search?search=a&status=Continuar&good_bad=Ruim&start_date=&end_date=&commit=Buscar" for 127.0.0.1 at 2023-07-20 16:33:26 -0300
Processing by BuscaController#search as HTML
  Parameters: {"search"=>"a", "status"=>"Continuar", "good_bad"=>"Ruim", "start_date"=>"", "end_date"=>"", "commit"=>"Buscar"}
  Rendering layout layouts/application.html.erb
  Rendering busca/index.html.erb within layouts/application
  [1m[36mPost Load (1.6ms)[0m  [1m[34mSELECT "posts".* FROM "posts" WHERE (dev LIKE '%a%' OR description LIKE '%a%') AND "posts"."status" = ? AND "posts"."good_bad" = ?[0m  [["status", "Continuar"], ["good_bad", "Ruim"]]
  ↳ app/views/busca/index.html.erb:49
  Rendered busca/index.html.erb within layouts/application (Duration: 53.1ms | Allocations: 4417)
  Rendered layout layouts/application.html.erb (Duration: 71.2ms | Allocations: 6966)
Completed 200 OK in 78ms (Views: 71.5ms | ActiveRecord: 1.6ms | Allocations: 7465)


Started GET "/busca" for 127.0.0.1 at 2023-07-20 16:33:30 -0300
Processing by BuscaController#index as HTML
  Rendering layout layouts/application.html.erb
  Rendering busca/index.html.erb within layouts/application
  Rendered busca/index.html.erb within layouts/application (Duration: 2.0ms | Allocations: 625)
  Rendered layout layouts/application.html.erb (Duration: 12.2ms | Allocations: 3002)
Completed 200 OK in 16ms (Views: 14.3ms | ActiveRecord: 0.0ms | Allocations: 3308)


Started GET "/" for 127.0.0.1 at 2023-07-20 16:33:32 -0300
Processing by PostsController#index as HTML
  Rendering layout layouts/application.html.erb
  Rendering posts/index.html.erb within layouts/application
  [1m[36mPost Load (0.3ms)[0m  [1m[34mSELECT "posts".* FROM "posts"[0m
  ↳ app/views/posts/index.html.erb:5
  Rendered posts/index.html.erb within layouts/application (Duration: 4.1ms | Allocations: 626)
  Rendered layout layouts/application.html.erb (Duration: 18.4ms | Allocations: 3173)
Completed 200 OK in 21ms (Views: 19.8ms | ActiveRecord: 0.3ms | Allocations: 3456)


Started GET "/posts/new" for 127.0.0.1 at 2023-07-20 16:33:33 -0300
Processing by PostsController#new as HTML
  Rendering layout layouts/application.html.erb
  Rendering posts/new.html.erb within layouts/application
  Rendered posts/_form.html.erb (Duration: 5.1ms | Allocations: 1133)
  Rendered posts/_form.html.erb (Duration: 4.4ms | Allocations: 929)
  Rendered posts/new.html.erb within layouts/application (Duration: 11.3ms | Allocations: 2363)
  Rendered layout layouts/application.html.erb (Duration: 17.4ms | Allocations: 4571)
Completed 200 OK in 20ms (Views: 19.3ms | ActiveRecord: 0.0ms | Allocations: 4864)


Started GET "/" for 127.0.0.1 at 2023-07-20 16:39:24 -0300
  [1m[36mActiveRecord::SchemaMigration Pluck (0.2ms)[0m  [1m[34mSELECT "schema_migrations"."version" FROM "schema_migrations" ORDER BY "schema_migrations"."version" ASC[0m
Processing by PostsController#index as HTML
  Rendering layout layouts/application.html.erb
  Rendering posts/index.html.erb within layouts/application
  [1m[36mPost Load (0.2ms)[0m  [1m[34mSELECT "posts".* FROM "posts"[0m
  ↳ app/views/posts/index.html.erb:5
  Rendered posts/index.html.erb within layouts/application (Duration: 4.0ms | Allocations: 1711)
  Rendered layout layouts/application.html.erb (Duration: 84.4ms | Allocations: 39859)
Completed 200 OK in 99ms (Views: 87.4ms | ActiveRecord: 0.2ms | Allocations: 45237)


Started GET "/posts/new" for 127.0.0.1 at 2023-07-20 16:39:27 -0300
Processing by PostsController#new as HTML
  Rendering layout layouts/application.html.erb
  Rendering posts/new.html.erb within layouts/application
  Rendered posts/_form.html.erb (Duration: 12.9ms | Allocations: 2480)
  Rendered posts/_form.html.erb (Duration: 3.0ms | Allocations: 959)
  Rendered posts/new.html.erb within layouts/application (Duration: 24.2ms | Allocations: 4273)
  Rendered layout layouts/application.html.erb (Duration: 33.3ms | Allocations: 6602)
Completed 200 OK in 68ms (Views: 35.3ms | ActiveRecord: 2.9ms | Allocations: 12899)


Started GET "/posts/new" for 127.0.0.1 at 2023-07-20 16:40:57 -0300
Processing by PostsController#new as HTML
  Rendering layout layouts/application.html.erb
  Rendering posts/new.html.erb within layouts/application
  Rendered posts/_form.html.erb (Duration: 4.9ms | Allocations: 1663)
  Rendered posts/_form.html.erb (Duration: 0.9ms | Allocations: 929)
  Rendered posts/new.html.erb within layouts/application (Duration: 9.0ms | Allocations: 3371)
  Rendered layout layouts/application.html.erb (Duration: 15.5ms | Allocations: 5992)
Completed 200 OK in 20ms (Views: 18.2ms | ActiveRecord: 0.0ms | Allocations: 7037)


Started GET "/posts/new" for 127.0.0.1 at 2023-07-20 16:41:21 -0300
Processing by PostsController#new as HTML
  Rendering layout layouts/application.html.erb
  Rendering posts/new.html.erb within layouts/application
  Rendered posts/_form.html.erb (Duration: 4.3ms | Allocations: 1094)
  Rendered posts/_form.html.erb (Duration: 2.2ms | Allocations: 929)
  Rendered posts/new.html.erb within layouts/application (Duration: 8.9ms | Allocations: 2319)
  Rendered layout layouts/application.html.erb (Duration: 13.8ms | Allocations: 4527)
Completed 200 OK in 17ms (Views: 15.1ms | ActiveRecord: 0.0ms | Allocations: 4839)


Started GET "/posts/new" for 127.0.0.1 at 2023-07-20 16:41:32 -0300
Processing by PostsController#new as HTML
  Rendering layout layouts/application.html.erb
  Rendering posts/new.html.erb within layouts/application
  Rendered posts/_form.html.erb (Duration: 6.3ms | Allocations: 1673)
  Rendered posts/_form.html.erb (Duration: 3.8ms | Allocations: 929)
  Rendered posts/new.html.erb within layouts/application (Duration: 15.7ms | Allocations: 3381)
  Rendered layout layouts/application.html.erb (Duration: 28.9ms | Allocations: 6002)
Completed 200 OK in 38ms (Views: 35.4ms | ActiveRecord: 0.0ms | Allocations: 6997)


Started GET "/posts/new" for 127.0.0.1 at 2023-07-20 16:42:48 -0300
Processing by PostsController#new as HTML
  Rendering layout layouts/application.html.erb
  Rendering posts/new.html.erb within layouts/application
  Rendered posts/_form.html.erb (Duration: 9.0ms | Allocations: 1661)
  Rendered posts/_form.html.erb (Duration: 6.5ms | Allocations: 929)
  Rendered posts/new.html.erb within layouts/application (Duration: 24.5ms | Allocations: 3369)
  Rendered layout layouts/application.html.erb (Duration: 40.5ms | Allocations: 5990)
Completed 200 OK in 51ms (Views: 47.5ms | ActiveRecord: 0.0ms | Allocations: 7015)


Started GET "/posts/new" for 127.0.0.1 at 2023-07-20 16:43:29 -0300
Processing by PostsController#new as HTML
  Rendering layout layouts/application.html.erb
  Rendering posts/new.html.erb within layouts/application
  Rendered posts/_form.html.erb (Duration: 10.2ms | Allocations: 1662)
  Rendered posts/_form.html.erb (Duration: 6.4ms | Allocations: 929)
  Rendered posts/new.html.erb within layouts/application (Duration: 24.3ms | Allocations: 3369)
  Rendered layout layouts/application.html.erb (Duration: 47.1ms | Allocations: 5989)
Completed 200 OK in 59ms (Views: 55.4ms | ActiveRecord: 0.0ms | Allocations: 6997)


Started GET "/posts/new" for 127.0.0.1 at 2023-07-20 16:43:47 -0300
Processing by PostsController#new as HTML
  Rendering layout layouts/application.html.erb
  Rendering posts/new.html.erb within layouts/application
  Rendered posts/_form.html.erb (Duration: 6.4ms | Allocations: 1656)
  Rendered posts/_form.html.erb (Duration: 4.3ms | Allocations: 929)
  Rendered posts/new.html.erb within layouts/application (Duration: 16.8ms | Allocations: 3363)
  Rendered layout layouts/application.html.erb (Duration: 32.9ms | Allocations: 5983)
Completed 200 OK in 41ms (Views: 37.5ms | ActiveRecord: 0.0ms | Allocations: 6991)


Started GET "/posts/new" for 127.0.0.1 at 2023-07-20 16:44:29 -0300
Processing by PostsController#new as HTML
  Rendering layout layouts/application.html.erb
  Rendering posts/new.html.erb within layouts/application
  Rendered posts/_form.html.erb (Duration: 3.0ms | Allocations: 1665)
  Rendered posts/_form.html.erb (Duration: 1.1ms | Allocations: 929)
  Rendered posts/new.html.erb within layouts/application (Duration: 7.5ms | Allocations: 3374)
  Rendered layout layouts/application.html.erb (Duration: 57.2ms | Allocations: 6004)
Completed 200 OK in 67ms (Views: 63.0ms | ActiveRecord: 0.0ms | Allocations: 7013)


Started GET "/posts/new" for 127.0.0.1 at 2023-07-20 16:44:29 -0300
Processing by PostsController#new as HTML
  Rendering layout layouts/application.html.erb
  Rendering posts/new.html.erb within layouts/application
  Rendered posts/_form.html.erb (Duration: 3.3ms | Allocations: 1097)
  Rendered posts/_form.html.erb (Duration: 1.3ms | Allocations: 929)
  Rendered posts/new.html.erb within layouts/application (Duration: 6.8ms | Allocations: 2322)
  Rendered layout layouts/application.html.erb (Duration: 9.9ms | Allocations: 4535)
Completed 200 OK in 11ms (Views: 10.6ms | ActiveRecord: 0.0ms | Allocations: 4847)


Started POST "/posts" for 127.0.0.1 at 2023-07-20 16:44:45 -0300
Processing by PostsController#create as */*
  Parameters: {"post"=>{"sub_posts_attributes"=>[{"dev"=>"Phillippe", "description"=>"asd", "date"=>"2023-07-20", "status"=>"Continuar", "good_bad"=>"Boa"}, {"dev"=>"Phillippe", "description"=>"asd", "date"=>"2023-07-20", "status"=>"Continuar", "good_bad"=>"Boa"}]}}
  [1m[36mTRANSACTION (0.3ms)[0m  [1m[36mbegin transaction[0m
  ↳ app/controllers/posts_controller.rb:23:in `block (2 levels) in create'
  [1m[36mPost Create (1.2ms)[0m  [1m[32mINSERT INTO "posts" ("dev", "description", "date", "status", "good_bad", "created_at", "updated_at") VALUES (?, ?, ?, ?, ?, ?, ?)[0m  [["dev", "Phillippe"], ["description", "asd"], ["date", "2023-07-20"], ["status", "Continuar"], ["good_bad", "Boa"], ["created_at", "2023-07-20 19:44:45.627237"], ["updated_at", "2023-07-20 19:44:45.627237"]]
  ↳ app/controllers/posts_controller.rb:23:in `block (2 levels) in create'
  [1m[36mPost Create (0.2ms)[0m  [1m[32mINSERT INTO "posts" ("dev", "description", "date", "status", "good_bad", "created_at", "updated_at") VALUES (?, ?, ?, ?, ?, ?, ?)[0m  [["dev", "Phillippe"], ["description", "asd"], ["date", "2023-07-20"], ["status", "Continuar"], ["good_bad", "Boa"], ["created_at", "2023-07-20 19:44:45.642324"], ["updated_at", "2023-07-20 19:44:45.642324"]]
  ↳ app/controllers/posts_controller.rb:23:in `block (2 levels) in create'
  [1m[36mTRANSACTION (3.1ms)[0m  [1m[36mcommit transaction[0m
  ↳ app/controllers/posts_controller.rb:21:in `create'
Redirected to http://127.0.0.1:3000/posts
Completed 302 Found in 32ms (ActiveRecord: 4.9ms | Allocations: 4872)


Started GET "/posts" for 127.0.0.1 at 2023-07-20 16:44:45 -0300
Processing by PostsController#index as */*
  Rendering layout layouts/application.html.erb
  Rendering posts/index.html.erb within layouts/application
  [1m[36mPost Load (0.5ms)[0m  [1m[34mSELECT "posts".* FROM "posts"[0m
  ↳ app/views/posts/index.html.erb:5
  Rendered posts/index.html.erb within layouts/application (Duration: 11.9ms | Allocations: 2209)
  Rendered layout layouts/application.html.erb (Duration: 15.8ms | Allocations: 4531)
Completed 200 OK in 20ms (Views: 16.3ms | ActiveRecord: 0.5ms | Allocations: 5064)


Started GET "/" for 127.0.0.1 at 2023-07-20 16:44:47 -0300
Processing by PostsController#index as HTML
  Rendering layout layouts/application.html.erb
  Rendering posts/index.html.erb within layouts/application
  [1m[36mPost Load (0.3ms)[0m  [1m[34mSELECT "posts".* FROM "posts"[0m
  ↳ app/views/posts/index.html.erb:5
  Rendered posts/index.html.erb within layouts/application (Duration: 10.2ms | Allocations: 1562)
  Rendered layout layouts/application.html.erb (Duration: 21.6ms | Allocations: 3776)
Completed 200 OK in 24ms (Views: 22.8ms | ActiveRecord: 0.3ms | Allocations: 4055)


